<?xml version="1.0" encoding="UTF-8"?>
<coverage generated="1782488319219" clover="3.2.0">
  <project timestamp="1782488319219" name="All files">
    <metrics statements="214" coveredstatements="186" conditionals="96" coveredconditionals="89" methods="57" coveredmethods="46" elements="367" coveredelements="321" complexity="0" loc="214" ncloc="214" packages="3" files="3" classes="3"/>
    <package name=".storybook">
      <metrics statements="1" coveredstatements="1" conditionals="0" coveredconditionals="0" methods="0" coveredmethods="0"/>
      <file name="preview.jsx" path="E:\Proj\Official\harvest_AI\frontend\.storybook\preview.jsx">
        <metrics statements="1" coveredstatements="1" conditionals="0" coveredconditionals="0" methods="0" coveredmethods="0"/>
        <line num="2" count="1" type="stmt"/>
      </file>
    </package>
    <package name="src.api">
      <metrics statements="31" coveredstatements="3" conditionals="4" coveredconditionals="0" methods="11" coveredmethods="0"/>
      <file name="client.js" path="E:\Proj\Official\harvest_AI\frontend\src\api\client.js">
        <metrics statements="31" coveredstatements="3" conditionals="4" coveredconditionals="0" methods="11" coveredmethods="0"/>
        <line num="3" count="1" type="stmt"/>
        <line num="5" count="1" type="stmt"/>
        <line num="12" count="1" type="stmt"/>
        <line num="15" count="0" type="stmt"/>
        <line num="16" count="0" type="stmt"/>
        <line num="21" count="0" type="stmt"/>
        <line num="26" count="0" type="stmt"/>
        <line num="31" count="0" type="stmt"/>
        <line num="32" count="0" type="stmt"/>
        <line num="33" count="0" type="stmt"/>
        <line num="35" count="0" type="stmt"/>
        <line num="36" count="0" type="stmt"/>
        <line num="44" count="0" type="stmt"/>
        <line num="45" count="0" type="stmt"/>
        <line num="46" count="0" type="stmt"/>
        <line num="48" count="0" type="stmt"/>
        <line num="54" count="0" type="stmt"/>
        <line num="59" count="0" type="stmt"/>
        <line num="60" count="0" type="stmt"/>
        <line num="65" count="0" type="stmt"/>
        <line num="66" count="0" type="stmt"/>
        <line num="71" count="0" type="stmt"/>
        <line num="78" count="0" type="stmt"/>
        <line num="83" count="0" type="stmt"/>
        <line num="84" count="0" type="stmt"/>
        <line num="89" count="0" type="stmt"/>
        <line num="90" count="0" type="stmt"/>
        <line num="95" count="0" type="stmt"/>
        <line num="96" count="0" type="stmt"/>
        <line num="101" count="0" type="stmt"/>
        <line num="102" count="0" type="stmt"/>
      </file>
    </package>
    <package name="src.components">
      <metrics statements="182" coveredstatements="182" conditionals="92" coveredconditionals="89" methods="46" coveredmethods="46"/>
      <file name="SocialPublishingPanel.jsx" path="E:\Proj\Official\harvest_AI\frontend\src\components\SocialPublishingPanel.jsx">
        <metrics statements="182" coveredstatements="182" conditionals="92" coveredconditionals="89" methods="46" coveredmethods="46"/>
        <line num="1" count="1" type="stmt"/>
        <line num="6" count="1" type="cond" truecount="1" falsecount="0"/>
        <line num="7" count="30" type="stmt"/>
        <line num="12" count="1" type="cond" truecount="1" falsecount="0"/>
        <line num="13" count="23" type="stmt"/>
        <line num="18" count="1" type="cond" truecount="1" falsecount="0"/>
        <line num="19" count="30" type="stmt"/>
        <line num="27" count="30" type="stmt"/>
        <line num="33" count="30" type="stmt"/>
        <line num="39" count="30" type="cond" truecount="2" falsecount="0"/>
        <line num="40" count="30" type="stmt"/>
        <line num="43" count="30" type="stmt"/>
        <line num="44" count="30" type="stmt"/>
        <line num="45" count="30" type="stmt"/>
        <line num="46" count="30" type="stmt"/>
        <line num="47" count="30" type="stmt"/>
        <line num="50" count="30" type="stmt"/>
        <line num="51" count="4" type="stmt"/>
        <line num="52" count="4" type="stmt"/>
        <line num="53" count="4" type="stmt"/>
        <line num="54" count="3" type="stmt"/>
        <line num="55" count="3" type="stmt"/>
        <line num="56" count="3" type="stmt"/>
        <line num="57" count="3" type="stmt"/>
        <line num="63" count="3" type="stmt"/>
        <line num="65" count="3" type="stmt"/>
        <line num="66" count="3" type="stmt"/>
        <line num="68" count="1" type="stmt"/>
        <line num="71" count="4" type="stmt"/>
        <line num="75" count="30" type="stmt"/>
        <line num="76" count="7" type="stmt"/>
        <line num="77" count="7" type="stmt"/>
        <line num="78" count="7" type="stmt"/>
        <line num="79" count="7" type="stmt"/>
        <line num="81" count="7" type="stmt"/>
        <line num="83" count="7" type="stmt"/>
        <line num="89" count="7" type="cond" truecount="2" falsecount="0"/>
        <line num="90" count="1" type="stmt"/>
        <line num="91" count="1" type="stmt"/>
        <line num="95" count="6" type="stmt"/>
        <line num="97" count="6" type="cond" truecount="4" falsecount="0"/>
        <line num="98" count="5" type="stmt"/>
        <line num="99" count="5" type="stmt"/>
        <line num="101" count="5" type="stmt"/>
        <line num="102" count="4" type="stmt"/>
        <line num="103" count="4" type="stmt"/>
        <line num="104" count="4" type="stmt"/>
        <line num="105" count="8" type="stmt"/>
        <line num="111" count="8" type="stmt"/>
        <line num="113" count="4" type="stmt"/>
        <line num="114" count="4" type="stmt"/>
        <line num="116" count="1" type="stmt"/>
        <line num="118" count="5" type="stmt"/>
        <line num="119" count="1" type="cond" truecount="1" falsecount="1"/>
        <line num="120" count="1" type="stmt"/>
        <line num="121" count="1" type="stmt"/>
        <line num="122" count="1" type="stmt"/>
        <line num="126" count="6" type="stmt"/>
        <line num="129" count="6" type="stmt"/>
        <line num="130" count="4" type="cond" truecount="2" falsecount="0"/>
        <line num="131" count="1" type="stmt"/>
        <line num="132" count="1" type="stmt"/>
        <line num="134" count="3" type="stmt"/>
        <line num="135" count="3" type="stmt"/>
        <line num="136" count="4" type="stmt"/>
        <line num="137" count="2" type="cond" truecount="2" falsecount="0"/>
        <line num="138" count="1" type="stmt"/>
        <line num="139" count="1" type="stmt"/>
        <line num="140" count="1" type="stmt"/>
        <line num="141" count="1" type="stmt"/>
        <line num="142" count="3" type="stmt"/>
        <line num="148" count="3" type="stmt"/>
        <line num="150" count="1" type="stmt"/>
        <line num="151" count="1" type="stmt"/>
        <line num="152" count="1" type="stmt"/>
        <line num="153" count="1" type="stmt"/>
        <line num="155" count="1" type="stmt"/>
        <line num="157" count="1" type="stmt"/>
        <line num="160" count="1" type="stmt"/>
        <line num="166" count="30" type="stmt"/>
        <line num="167" count="2" type="stmt"/>
        <line num="168" count="2" type="stmt"/>
        <line num="169" count="1" type="stmt"/>
        <line num="173" count="1" type="stmt"/>
        <line num="175" count="1" type="stmt"/>
        <line num="176" count="1" type="stmt"/>
        <line num="180" count="30" type="stmt"/>
        <line num="181" count="6" type="cond" truecount="2" falsecount="0"/>
        <line num="182" count="4" type="stmt"/>
        <line num="183" count="4" type="stmt"/>
        <line num="185" count="2" type="stmt"/>
        <line num="191" count="30" type="stmt"/>
        <line num="192" count="18" type="stmt"/>
        <line num="193" count="5" type="cond" truecount="2" falsecount="0"/>
        <line num="194" count="1" type="stmt"/>
        <line num="195" count="1" type="stmt"/>
        <line num="199" count="4" type="stmt"/>
        <line num="200" count="4" type="stmt"/>
        <line num="201" count="12" type="stmt"/>
        <line num="202" count="12" type="cond" truecount="3" falsecount="1"/>
        <line num="203" count="12" type="stmt"/>
        <line num="204" count="5" type="stmt"/>
        <line num="209" count="4" type="stmt"/>
        <line num="210" count="4" type="stmt"/>
        <line num="211" count="4" type="stmt"/>
        <line num="214" count="4" type="stmt"/>
        <line num="215" count="4" type="stmt"/>
        <line num="216" count="12" type="stmt"/>
        <line num="218" count="4" type="stmt"/>
        <line num="220" count="4" type="stmt"/>
        <line num="222" count="4" type="stmt"/>
        <line num="223" count="3" type="stmt"/>
        <line num="226" count="3" type="stmt"/>
        <line num="227" count="3" type="stmt"/>
        <line num="230" count="9" type="stmt"/>
        <line num="237" count="3" type="stmt"/>
        <line num="238" count="104" type="stmt"/>
        <line num="239" count="104" type="stmt"/>
        <line num="240" count="103" type="cond" truecount="1" falsecount="1"/>
        <line num="242" count="104" type="stmt"/>
        <line num="243" count="104" type="cond" truecount="2" falsecount="0"/>
        <line num="244" count="1" type="stmt"/>
        <line num="245" count="1" type="stmt"/>
        <line num="246" count="1" type="stmt"/>
        <line num="247" count="1" type="stmt"/>
        <line num="251" count="107" type="stmt"/>
        <line num="253" count="102" type="stmt"/>
        <line num="254" count="102" type="stmt"/>
        <line num="255" count="306" type="stmt"/>
        <line num="256" count="306" type="cond" truecount="2" falsecount="0"/>
        <line num="257" count="8" type="cond" truecount="2" falsecount="0"/>
        <line num="258" count="5" type="stmt"/>
        <line num="265" count="3" type="stmt"/>
        <line num="273" count="298" type="stmt"/>
        <line num="282" count="102" type="cond" truecount="2" falsecount="0"/>
        <line num="283" count="2" type="stmt"/>
        <line num="284" count="2" type="stmt"/>
        <line num="285" count="4" type="cond" truecount="2" falsecount="0"/>
        <line num="286" count="2" type="cond" truecount="2" falsecount="0"/>
        <line num="287" count="1" type="stmt"/>
        <line num="288" count="1" type="stmt"/>
        <line num="289" count="1" type="stmt"/>
        <line num="290" count="3" type="cond" truecount="4" falsecount="0"/>
        <line num="291" count="2" type="stmt"/>
        <line num="294" count="1" type="stmt"/>
        <line num="296" count="1" type="stmt"/>
        <line num="300" count="1" type="stmt"/>
        <line num="305" count="1" type="stmt"/>
        <line num="306" count="1" type="stmt"/>
        <line num="307" count="1" type="stmt"/>
        <line num="311" count="30" type="cond" truecount="1" falsecount="0"/>
        <line num="312" count="89" type="cond" truecount="4" falsecount="0"/>
        <line num="314" count="30" type="stmt"/>
        <line num="316" count="23" type="stmt"/>
        <line num="318" count="30" type="stmt"/>
        <line num="320" count="6" type="stmt"/>
        <line num="324" count="30" type="stmt"/>
        <line num="325" count="387" type="cond" truecount="4" falsecount="0"/>
        <line num="327" count="129" type="stmt"/>
        <line num="329" count="122" type="stmt"/>
        <line num="331" count="130" type="stmt"/>
        <line num="333" count="6" type="stmt"/>
        <line num="337" count="30" type="stmt"/>
        <line num="367" count="63" type="stmt"/>
        <line num="368" count="63" type="stmt"/>
        <line num="370" count="63" type="stmt"/>
        <line num="373" count="6" type="stmt"/>
        <line num="386" count="2" type="cond" truecount="2" falsecount="0"/>
        <line num="389" count="2" type="cond" truecount="2" falsecount="0"/>
        <line num="409" count="2" type="stmt"/>
        <line num="410" count="2" type="stmt"/>
        <line num="429" count="3" type="stmt"/>
        <line num="430" count="3" type="stmt"/>
        <line num="467" count="1" type="stmt"/>
        <line num="482" count="1" type="stmt"/>
        <line num="499" count="1" type="stmt"/>
        <line num="550" count="24" type="stmt"/>
        <line num="584" count="2" type="stmt"/>
        <line num="602" count="1" type="stmt"/>
        <line num="603" count="1" type="stmt"/>
        <line num="617" count="1" type="stmt"/>
        <line num="618" count="1" type="stmt"/>
      </file>
    </package>
  </project>
</coverage>
