{"E:\\Proj\\Official\\harvest_AI\\frontend\\.storybook\\preview.jsx": {"path":"E:\\Proj\\Official\\harvest_AI\\frontend\\.storybook\\preview.jsx","statementMap":{"0":{"start":{"line":2,"column":16},"end":{"line":20,"column":null}}},"fnMap":{},"branchMap":{},"s":{"0":1},"f":{},"b":{},"meta":{"lastBranch":0,"lastFunction":0,"lastStatement":1,"seen":{"s:2:16:20:Infinity":0},"fnNames":{}}}
,"E:\\Proj\\Official\\harvest_AI\\frontend\\src\\api\\client.js": {"path":"E:\\Proj\\Official\\harvest_AI\\frontend\\src\\api\\client.js","statementMap":{"0":{"start":{"line":3,"column":21},"end":{"line":3,"column":null}},"1":{"start":{"line":5,"column":15},"end":{"line":10,"column":null}},"2":{"start":{"line":12,"column":19},"end":{"line":104,"column":null}},"3":{"start":{"line":15,"column":21},"end":{"line":15,"column":null}},"4":{"start":{"line":16,"column":4},"end":{"line":16,"column":null}},"5":{"start":{"line":21,"column":21},"end":{"line":25,"column":null}},"6":{"start":{"line":26,"column":4},"end":{"line":26,"column":null}},"7":{"start":{"line":31,"column":4},"end":{"line":39,"column":null}},"8":{"start":{"line":32,"column":23},"end":{"line":32,"column":null}},"9":{"start":{"line":33,"column":6},"end":{"line":33,"column":null}},"10":{"start":{"line":35,"column":6},"end":{"line":35,"column":null}},"11":{"start":{"line":36,"column":6},"end":{"line":38,"column":null}},"12":{"start":{"line":44,"column":21},"end":{"line":44,"column":null}},"13":{"start":{"line":45,"column":4},"end":{"line":45,"column":null}},"14":{"start":{"line":46,"column":4},"end":{"line":46,"column":null}},"15":{"start":{"line":48,"column":21},"end":{"line":53,"column":null}},"16":{"start":{"line":54,"column":4},"end":{"line":54,"column":null}},"17":{"start":{"line":59,"column":21},"end":{"line":59,"column":null}},"18":{"start":{"line":60,"column":4},"end":{"line":60,"column":null}},"19":{"start":{"line":65,"column":21},"end":{"line":65,"column":null}},"20":{"start":{"line":66,"column":4},"end":{"line":66,"column":null}},"21":{"start":{"line":71,"column":21},"end":{"line":77,"column":null}},"22":{"start":{"line":78,"column":4},"end":{"line":78,"column":null}},"23":{"start":{"line":83,"column":21},"end":{"line":83,"column":null}},"24":{"start":{"line":84,"column":4},"end":{"line":84,"column":null}},"25":{"start":{"line":89,"column":21},"end":{"line":89,"column":null}},"26":{"start":{"line":90,"column":4},"end":{"line":90,"column":null}},"27":{"start":{"line":95,"column":21},"end":{"line":95,"column":null}},"28":{"start":{"line":96,"column":4},"end":{"line":96,"column":null}},"29":{"start":{"line":101,"column":21},"end":{"line":101,"column":null}},"30":{"start":{"line":102,"column":4},"end":{"line":102,"column":null}}},"fnMap":{"0":{"name":"(anonymous_0)","decl":{"start":{"line":14,"column":15},"end":{"line":14,"column":27}},"loc":{"start":{"line":14,"column":27},"end":{"line":17,"column":null}},"line":14},"1":{"name":"(anonymous_1)","decl":{"start":{"line":20,"column":17},"end":{"line":20,"column":24}},"loc":{"start":{"line":20,"column":47},"end":{"line":27,"column":null}},"line":20},"2":{"name":"(anonymous_2)","decl":{"start":{"line":30,"column":13},"end":{"line":30,"column":25}},"loc":{"start":{"line":30,"column":25},"end":{"line":40,"column":null}},"line":30},"3":{"name":"(anonymous_3)","decl":{"start":{"line":43,"column":15},"end":{"line":43,"column":22}},"loc":{"start":{"line":43,"column":60},"end":{"line":55,"column":null}},"line":43},"4":{"name":"(anonymous_4)","decl":{"start":{"line":58,"column":17},"end":{"line":58,"column":24}},"loc":{"start":{"line":58,"column":38},"end":{"line":61,"column":null}},"line":58},"5":{"name":"(anonymous_5)","decl":{"start":{"line":64,"column":15},"end":{"line":64,"column":22}},"loc":{"start":{"line":64,"column":34},"end":{"line":67,"column":null}},"line":64},"6":{"name":"(anonymous_6)","decl":{"start":{"line":70,"column":15},"end":{"line":70,"column":22}},"loc":{"start":{"line":70,"column":97},"end":{"line":79,"column":null}},"line":70},"7":{"name":"(anonymous_7)","decl":{"start":{"line":82,"column":22},"end":{"line":82,"column":29}},"loc":{"start":{"line":82,"column":44},"end":{"line":85,"column":null}},"line":82},"8":{"name":"(anonymous_8)","decl":{"start":{"line":88,"column":11},"end":{"line":88,"column":18}},"loc":{"start":{"line":88,"column":29},"end":{"line":91,"column":null}},"line":88},"9":{"name":"(anonymous_9)","decl":{"start":{"line":94,"column":22},"end":{"line":94,"column":29}},"loc":{"start":{"line":94,"column":60},"end":{"line":97,"column":null}},"line":94},"10":{"name":"(anonymous_10)","decl":{"start":{"line":100,"column":24},"end":{"line":100,"column":31}},"loc":{"start":{"line":100,"column":56},"end":{"line":103,"column":null}},"line":100}},"branchMap":{"0":{"loc":{"start":{"line":70,"column":70},"end":{"line":70,"column":97}},"type":"default-arg","locations":[{"start":{"line":70,"column":88},"end":{"line":70,"column":97}}],"line":70},"1":{"loc":{"start":{"line":82,"column":29},"end":{"line":82,"column":44}},"type":"default-arg","locations":[{"start":{"line":82,"column":38},"end":{"line":82,"column":44}}],"line":82},"2":{"loc":{"start":{"line":94,"column":29},"end":{"line":94,"column":41}},"type":"default-arg","locations":[{"start":{"line":94,"column":38},"end":{"line":94,"column":41}}],"line":94},"3":{"loc":{"start":{"line":100,"column":31},"end":{"line":100,"column":43}},"type":"default-arg","locations":[{"start":{"line":100,"column":40},"end":{"line":100,"column":43}}],"line":100}},"s":{"0":1,"1":1,"2":1,"3":0,"4":0,"5":0,"6":0,"7":0,"8":0,"9":0,"10":0,"11":0,"12":0,"13":0,"14":0,"15":0,"16":0,"17":0,"18":0,"19":0,"20":0,"21":0,"22":0,"23":0,"24":0,"25":0,"26":0,"27":0,"28":0,"29":0,"30":0},"f":{"0":0,"1":0,"2":0,"3":0,"4":0,"5":0,"6":0,"7":0,"8":0,"9":0,"10":0},"b":{"0":[0],"1":[0],"2":[0],"3":[0]},"meta":{"lastBranch":4,"lastFunction":11,"lastStatement":31,"seen":{"s:3:21:3:Infinity":0,"s:5:15:10:Infinity":1,"s:12:19:104:Infinity":2,"f:14:15:14:27":0,"s:15:21:15:Infinity":3,"s:16:4:16:Infinity":4,"f:20:17:20:24":1,"s:21:21:25:Infinity":5,"s:26:4:26:Infinity":6,"f:30:13:30:25":2,"s:31:4:39:Infinity":7,"s:32:23:32:Infinity":8,"s:33:6:33:Infinity":9,"s:35:6:35:Infinity":10,"s:36:6:38:Infinity":11,"f:43:15:43:22":3,"s:44:21:44:Infinity":12,"s:45:4:45:Infinity":13,"s:46:4:46:Infinity":14,"s:48:21:53:Infinity":15,"s:54:4:54:Infinity":16,"f:58:17:58:24":4,"s:59:21:59:Infinity":17,"s:60:4:60:Infinity":18,"f:64:15:64:22":5,"s:65:21:65:Infinity":19,"s:66:4:66:Infinity":20,"f:70:15:70:22":6,"b:70:88:70:97":0,"s:71:21:77:Infinity":21,"s:78:4:78:Infinity":22,"f:82:22:82:29":7,"b:82:38:82:44":1,"s:83:21:83:Infinity":23,"s:84:4:84:Infinity":24,"f:88:11:88:18":8,"s:89:21:89:Infinity":25,"s:90:4:90:Infinity":26,"f:94:22:94:29":9,"b:94:38:94:41":2,"s:95:21:95:Infinity":27,"s:96:4:96:Infinity":28,"f:100:24:100:31":10,"b:100:40:100:43":3,"s:101:21:101:Infinity":29,"s:102:4:102:Infinity":30},"fnNames":{}}}
,"E:\\Proj\\Official\\harvest_AI\\frontend\\src\\components\\SocialPublishingPanel.jsx": {"path":"E:\\Proj\\Official\\harvest_AI\\frontend\\src\\components\\SocialPublishingPanel.jsx","statementMap":{"0":{"start":{"line":1,"column":7},"end":{"line":1,"column":43}},"1":{"start":{"line":1,"column":43},"end":{"line":1,"column":null}},"2":{"start":{"line":6,"column":6},"end":{"line":9,"column":null}},"3":{"start":{"line":7,"column":2},"end":{"line":9,"column":null}},"4":{"start":{"line":12,"column":6},"end":{"line":15,"column":null}},"5":{"start":{"line":13,"column":2},"end":{"line":15,"column":null}},"6":{"start":{"line":18,"column":6},"end":{"line":23,"column":null}},"7":{"start":{"line":19,"column":2},"end":{"line":23,"column":null}},"8":{"start":{"line":27,"column":40},"end":{"line":31,"column":null}},"9":{"start":{"line":33,"column":52},"end":{"line":37,"column":null}},"10":{"start":{"line":39,"column":28},"end":{"line":39,"column":null}},"11":{"start":{"line":40,"column":40},"end":{"line":42,"column":null}},"12":{"start":{"line":43,"column":32},"end":{"line":43,"column":null}},"13":{"start":{"line":44,"column":42},"end":{"line":44,"column":null}},"14":{"start":{"line":45,"column":48},"end":{"line":45,"column":null}},"15":{"start":{"line":46,"column":46},"end":{"line":46,"column":null}},"16":{"start":{"line":47,"column":36},"end":{"line":47,"column":null}},"17":{"start":{"line":50,"column":2},"end":{"line":72,"column":null}},"18":{"start":{"line":51,"column":28},"end":{"line":70,"column":null}},"19":{"start":{"line":52,"column":6},"end":{"line":69,"column":null}},"20":{"start":{"line":53,"column":21},"end":{"line":53,"column":null}},"21":{"start":{"line":54,"column":23},"end":{"line":54,"column":null}},"22":{"start":{"line":55,"column":26},"end":{"line":55,"column":null}},"23":{"start":{"line":56,"column":8},"end":{"line":64,"column":null}},"24":{"start":{"line":57,"column":10},"end":{"line":62,"column":null}},"25":{"start":{"line":63,"column":10},"end":{"line":63,"column":null}},"26":{"start":{"line":65,"column":8},"end":{"line":65,"column":null}},"27":{"start":{"line":66,"column":8},"end":{"line":66,"column":null}},"28":{"start":{"line":68,"column":8},"end":{"line":68,"column":null}},"29":{"start":{"line":71,"column":4},"end":{"line":71,"column":null}},"30":{"start":{"line":75,"column":8},"end":{"line":163,"column":null}},"31":{"start":{"line":76,"column":14},"end":{"line":76,"column":null}},"32":{"start":{"line":77,"column":14},"end":{"line":77,"column":null}},"33":{"start":{"line":78,"column":17},"end":{"line":78,"column":null}},"34":{"start":{"line":79,"column":16},"end":{"line":79,"column":null}},"35":{"start":{"line":81,"column":21},"end":{"line":81,"column":null}},"36":{"start":{"line":83,"column":18},"end":{"line":87,"column":null}},"37":{"start":{"line":89,"column":4},"end":{"line":92,"column":null}},"38":{"start":{"line":90,"column":6},"end":{"line":90,"column":null}},"39":{"start":{"line":91,"column":6},"end":{"line":91,"column":null}},"40":{"start":{"line":95,"column":30},"end":{"line":124,"column":null}},"41":{"start":{"line":97,"column":6},"end":{"line":123,"column":null}},"42":{"start":{"line":98,"column":8},"end":{"line":117,"column":null}},"43":{"start":{"line":99,"column":10},"end":{"line":99,"column":null}},"44":{"start":{"line":101,"column":23},"end":{"line":101,"column":null}},"45":{"start":{"line":102,"column":25},"end":{"line":102,"column":null}},"46":{"start":{"line":103,"column":28},"end":{"line":103,"column":null}},"47":{"start":{"line":104,"column":10},"end":{"line":112,"column":null}},"48":{"start":{"line":105,"column":12},"end":{"line":110,"column":null}},"49":{"start":{"line":111,"column":12},"end":{"line":111,"column":null}},"50":{"start":{"line":113,"column":10},"end":{"line":113,"column":null}},"51":{"start":{"line":114,"column":10},"end":{"line":114,"column":null}},"52":{"start":{"line":116,"column":10},"end":{"line":116,"column":null}},"53":{"start":{"line":118,"column":8},"end":{"line":118,"column":null}},"54":{"start":{"line":119,"column":13},"end":{"line":123,"column":null}},"55":{"start":{"line":120,"column":8},"end":{"line":120,"column":null}},"56":{"start":{"line":121,"column":8},"end":{"line":121,"column":null}},"57":{"start":{"line":122,"column":8},"end":{"line":122,"column":null}},"58":{"start":{"line":126,"column":4},"end":{"line":126,"column":null}},"59":{"start":{"line":129,"column":25},"end":{"line":162,"column":null}},"60":{"start":{"line":130,"column":6},"end":{"line":133,"column":null}},"61":{"start":{"line":131,"column":8},"end":{"line":131,"column":null}},"62":{"start":{"line":132,"column":8},"end":{"line":132,"column":null}},"63":{"start":{"line":134,"column":6},"end":{"line":161,"column":null}},"64":{"start":{"line":135,"column":21},"end":{"line":135,"column":null}},"65":{"start":{"line":136,"column":22},"end":{"line":136,"column":null}},"66":{"start":{"line":136,"column":42},"end":{"line":136,"column":68}},"67":{"start":{"line":137,"column":8},"end":{"line":158,"column":null}},"68":{"start":{"line":138,"column":10},"end":{"line":138,"column":null}},"69":{"start":{"line":139,"column":25},"end":{"line":139,"column":null}},"70":{"start":{"line":140,"column":28},"end":{"line":140,"column":null}},"71":{"start":{"line":141,"column":10},"end":{"line":149,"column":null}},"72":{"start":{"line":142,"column":12},"end":{"line":147,"column":null}},"73":{"start":{"line":148,"column":12},"end":{"line":148,"column":null}},"74":{"start":{"line":150,"column":10},"end":{"line":150,"column":null}},"75":{"start":{"line":151,"column":10},"end":{"line":151,"column":null}},"76":{"start":{"line":152,"column":10},"end":{"line":156,"column":null}},"77":{"start":{"line":153,"column":12},"end":{"line":153,"column":null}},"78":{"start":{"line":155,"column":12},"end":{"line":155,"column":null}},"79":{"start":{"line":157,"column":10},"end":{"line":157,"column":null}},"80":{"start":{"line":160,"column":8},"end":{"line":160,"column":null}},"81":{"start":{"line":166,"column":27},"end":{"line":178,"column":null}},"82":{"start":{"line":167,"column":4},"end":{"line":177,"column":null}},"83":{"start":{"line":168,"column":6},"end":{"line":168,"column":null}},"84":{"start":{"line":169,"column":6},"end":{"line":172,"column":null}},"85":{"start":{"line":169,"column":32},"end":{"line":172,"column":8}},"86":{"start":{"line":173,"column":6},"end":{"line":173,"column":null}},"87":{"start":{"line":173,"column":38},"end":{"line":173,"column":69}},"88":{"start":{"line":175,"column":6},"end":{"line":175,"column":null}},"89":{"start":{"line":176,"column":6},"end":{"line":176,"column":null}},"90":{"start":{"line":180,"column":8},"end":{"line":189,"column":null}},"91":{"start":{"line":181,"column":4},"end":{"line":184,"column":null}},"92":{"start":{"line":182,"column":6},"end":{"line":182,"column":null}},"93":{"start":{"line":183,"column":6},"end":{"line":183,"column":null}},"94":{"start":{"line":185,"column":4},"end":{"line":188,"column":null}},"95":{"start":{"line":185,"column":36},"end":{"line":188,"column":6}},"96":{"start":{"line":191,"column":24},"end":{"line":309,"column":null}},"97":{"start":{"line":192,"column":28},"end":{"line":192,"column":null}},"98":{"start":{"line":192,"column":73},"end":{"line":192,"column":93}},"99":{"start":{"line":193,"column":4},"end":{"line":196,"column":null}},"100":{"start":{"line":194,"column":6},"end":{"line":194,"column":null}},"101":{"start":{"line":195,"column":6},"end":{"line":195,"column":null}},"102":{"start":{"line":199,"column":28},"end":{"line":199,"column":null}},"103":{"start":{"line":200,"column":4},"end":{"line":207,"column":null}},"104":{"start":{"line":201,"column":19},"end":{"line":201,"column":null}},"105":{"start":{"line":202,"column":6},"end":{"line":206,"column":null}},"106":{"start":{"line":203,"column":8},"end":{"line":205,"column":null}},"107":{"start":{"line":204,"column":10},"end":{"line":204,"column":null}},"108":{"start":{"line":209,"column":4},"end":{"line":209,"column":null}},"109":{"start":{"line":210,"column":4},"end":{"line":210,"column":null}},"110":{"start":{"line":211,"column":4},"end":{"line":211,"column":null}},"111":{"start":{"line":214,"column":18},"end":{"line":214,"column":null}},"112":{"start":{"line":215,"column":4},"end":{"line":217,"column":null}},"113":{"start":{"line":216,"column":6},"end":{"line":216,"column":null}},"114":{"start":{"line":218,"column":4},"end":{"line":218,"column":null}},"115":{"start":{"line":220,"column":4},"end":{"line":308,"column":null}},"116":{"start":{"line":222,"column":18},"end":{"line":222,"column":null}},"117":{"start":{"line":223,"column":21},"end":{"line":223,"column":null}},"118":{"start":{"line":226,"column":20},"end":{"line":226,"column":null}},"119":{"start":{"line":227,"column":26},"end":{"line":227,"column":null}},"120":{"start":{"line":230,"column":6},"end":{"line":235,"column":null}},"121":{"start":{"line":230,"column":51},"end":{"line":235,"column":8}},"122":{"start":{"line":237,"column":23},"end":{"line":302,"column":null}},"123":{"start":{"line":238,"column":8},"end":{"line":301,"column":null}},"124":{"start":{"line":239,"column":27},"end":{"line":239,"column":null}},"125":{"start":{"line":240,"column":23},"end":{"line":240,"column":null}},"126":{"start":{"line":242,"column":10},"end":{"line":242,"column":null}},"127":{"start":{"line":243,"column":10},"end":{"line":248,"column":null}},"128":{"start":{"line":244,"column":12},"end":{"line":244,"column":null}},"129":{"start":{"line":245,"column":12},"end":{"line":245,"column":null}},"130":{"start":{"line":246,"column":12},"end":{"line":246,"column":null}},"131":{"start":{"line":247,"column":12},"end":{"line":247,"column":null}},"132":{"start":{"line":251,"column":26},"end":{"line":251,"column":null}},"133":{"start":{"line":251,"column":53},"end":{"line":251,"column":62}},"134":{"start":{"line":253,"column":10},"end":{"line":280,"column":null}},"135":{"start":{"line":254,"column":12},"end":{"line":279,"column":null}},"136":{"start":{"line":255,"column":34},"end":{"line":255,"column":null}},"137":{"start":{"line":256,"column":14},"end":{"line":271,"column":null}},"138":{"start":{"line":257,"column":16},"end":{"line":264,"column":null}},"139":{"start":{"line":258,"column":18},"end":{"line":263,"column":null}},"140":{"start":{"line":265,"column":16},"end":{"line":270,"column":null}},"141":{"start":{"line":273,"column":14},"end":{"line":278,"column":null}},"142":{"start":{"line":282,"column":10},"end":{"line":298,"column":null}},"143":{"start":{"line":283,"column":12},"end":{"line":283,"column":null}},"144":{"start":{"line":284,"column":12},"end":{"line":284,"column":null}},"145":{"start":{"line":285,"column":31},"end":{"line":285,"column":null}},"146":{"start":{"line":285,"column":63},"end":{"line":285,"column":95}},"147":{"start":{"line":286,"column":12},"end":{"line":297,"column":null}},"148":{"start":{"line":287,"column":14},"end":{"line":287,"column":null}},"149":{"start":{"line":288,"column":34},"end":{"line":288,"column":null}},"150":{"start":{"line":289,"column":14},"end":{"line":293,"column":null}},"151":{"start":{"line":290,"column":16},"end":{"line":292,"column":null}},"152":{"start":{"line":291,"column":18},"end":{"line":291,"column":null}},"153":{"start":{"line":294,"column":14},"end":{"line":294,"column":null}},"154":{"start":{"line":296,"column":14},"end":{"line":296,"column":null}},"155":{"start":{"line":300,"column":10},"end":{"line":300,"column":null}},"156":{"start":{"line":305,"column":6},"end":{"line":305,"column":null}},"157":{"start":{"line":306,"column":6},"end":{"line":306,"column":null}},"158":{"start":{"line":307,"column":6},"end":{"line":307,"column":null}},"159":{"start":{"line":311,"column":8},"end":{"line":322,"column":null}},"160":{"start":{"line":312,"column":4},"end":{"line":321,"column":null}},"161":{"start":{"line":314,"column":8},"end":{"line":314,"column":null}},"162":{"start":{"line":316,"column":8},"end":{"line":316,"column":null}},"163":{"start":{"line":318,"column":8},"end":{"line":318,"column":null}},"164":{"start":{"line":320,"column":8},"end":{"line":320,"column":null}},"165":{"start":{"line":324,"column":8},"end":{"line":335,"column":null}},"166":{"start":{"line":325,"column":4},"end":{"line":334,"column":null}},"167":{"start":{"line":327,"column":8},"end":{"line":327,"column":null}},"168":{"start":{"line":329,"column":8},"end":{"line":329,"column":null}},"169":{"start":{"line":331,"column":8},"end":{"line":331,"column":null}},"170":{"start":{"line":333,"column":8},"end":{"line":333,"column":null}},"171":{"start":{"line":337,"column":2},"end":{"line":650,"column":null}},"172":{"start":{"line":367,"column":32},"end":{"line":367,"column":null}},"173":{"start":{"line":368,"column":33},"end":{"line":368,"column":null}},"174":{"start":{"line":370,"column":14},"end":{"line":446,"column":null}},"175":{"start":{"line":373,"column":33},"end":{"line":373,"column":null}},"176":{"start":{"line":386,"column":20},"end":{"line":386,"column":null}},"177":{"start":{"line":386,"column":37},"end":{"line":386,"column":null}},"178":{"start":{"line":389,"column":20},"end":{"line":389,"column":null}},"179":{"start":{"line":389,"column":37},"end":{"line":389,"column":null}},"180":{"start":{"line":409,"column":26},"end":{"line":409,"column":null}},"181":{"start":{"line":410,"column":26},"end":{"line":410,"column":null}},"182":{"start":{"line":429,"column":24},"end":{"line":429,"column":null}},"183":{"start":{"line":430,"column":24},"end":{"line":430,"column":null}},"184":{"start":{"line":467,"column":35},"end":{"line":467,"column":null}},"185":{"start":{"line":482,"column":33},"end":{"line":482,"column":null}},"186":{"start":{"line":499,"column":35},"end":{"line":499,"column":null}},"187":{"start":{"line":550,"column":14},"end":{"line":565,"column":null}},"188":{"start":{"line":584,"column":14},"end":{"line":610,"column":null}},"189":{"start":{"line":602,"column":38},"end":{"line":602,"column":null}},"190":{"start":{"line":603,"column":38},"end":{"line":603,"column":null}},"191":{"start":{"line":617,"column":16},"end":{"line":617,"column":null}},"192":{"start":{"line":618,"column":16},"end":{"line":618,"column":null}}},"fnMap":{"0":{"name":"(anonymous_0)","decl":{"start":{"line":6,"column":6},"end":{"line":6,"column":17}},"loc":{"start":{"line":7,"column":2},"end":{"line":9,"column":null}},"line":7},"1":{"name":"(anonymous_1)","decl":{"start":{"line":12,"column":6},"end":{"line":12,"column":18}},"loc":{"start":{"line":13,"column":2},"end":{"line":15,"column":null}},"line":13},"2":{"name":"(anonymous_2)","decl":{"start":{"line":18,"column":6},"end":{"line":18,"column":19}},"loc":{"start":{"line":19,"column":2},"end":{"line":23,"column":null}},"line":19},"3":{"name":"SocialPublishingPanel","decl":{"start":{"line":26,"column":24},"end":{"line":26,"column":46}},"loc":{"start":{"line":26,"column":65},"end":{"line":652,"column":null}},"line":26},"4":{"name":"(anonymous_4)","decl":{"start":{"line":50,"column":2},"end":{"line":50,"column":18}},"loc":{"start":{"line":50,"column":18},"end":{"line":72,"column":5}},"line":50},"5":{"name":"(anonymous_5)","decl":{"start":{"line":51,"column":28},"end":{"line":51,"column":40}},"loc":{"start":{"line":51,"column":40},"end":{"line":70,"column":null}},"line":51},"6":{"name":"(anonymous_6)","decl":{"start":{"line":56,"column":13},"end":{"line":56,"column":22}},"loc":{"start":{"line":56,"column":31},"end":{"line":64,"column":9}},"line":56},"7":{"name":"(anonymous_7)","decl":{"start":{"line":75,"column":8},"end":{"line":75,"column":25}},"loc":{"start":{"line":75,"column":38},"end":{"line":163,"column":null}},"line":75},"8":{"name":"(anonymous_8)","decl":{"start":{"line":95,"column":30},"end":{"line":95,"column":37}},"loc":{"start":{"line":95,"column":47},"end":{"line":124,"column":null}},"line":95},"9":{"name":"(anonymous_9)","decl":{"start":{"line":104,"column":15},"end":{"line":104,"column":24}},"loc":{"start":{"line":104,"column":33},"end":{"line":112,"column":11}},"line":104},"10":{"name":"(anonymous_10)","decl":{"start":{"line":129,"column":37},"end":{"line":129,"column":49}},"loc":{"start":{"line":129,"column":49},"end":{"line":162,"column":7}},"line":129},"11":{"name":"(anonymous_11)","decl":{"start":{"line":136,"column":27},"end":{"line":136,"column":33}},"loc":{"start":{"line":136,"column":42},"end":{"line":136,"column":68}},"line":136},"12":{"name":"(anonymous_12)","decl":{"start":{"line":141,"column":15},"end":{"line":141,"column":24}},"loc":{"start":{"line":141,"column":33},"end":{"line":149,"column":11}},"line":141},"13":{"name":"(anonymous_13)","decl":{"start":{"line":166,"column":27},"end":{"line":166,"column":34}},"loc":{"start":{"line":166,"column":47},"end":{"line":178,"column":null}},"line":166},"14":{"name":"(anonymous_14)","decl":{"start":{"line":169,"column":6},"end":{"line":169,"column":22}},"loc":{"start":{"line":169,"column":32},"end":{"line":172,"column":8}},"line":169},"15":{"name":"(anonymous_15)","decl":{"start":{"line":173,"column":6},"end":{"line":173,"column":28}},"loc":{"start":{"line":173,"column":38},"end":{"line":173,"column":69}},"line":173},"16":{"name":"(anonymous_16)","decl":{"start":{"line":180,"column":8},"end":{"line":180,"column":35}},"loc":{"start":{"line":180,"column":48},"end":{"line":189,"column":null}},"line":180},"17":{"name":"(anonymous_17)","decl":{"start":{"line":185,"column":4},"end":{"line":185,"column":26}},"loc":{"start":{"line":185,"column":36},"end":{"line":188,"column":6}},"line":185},"18":{"name":"(anonymous_18)","decl":{"start":{"line":191,"column":24},"end":{"line":191,"column":36}},"loc":{"start":{"line":191,"column":36},"end":{"line":309,"column":null}},"line":191},"19":{"name":"(anonymous_19)","decl":{"start":{"line":192,"column":59},"end":{"line":192,"column":67}},"loc":{"start":{"line":192,"column":73},"end":{"line":192,"column":93}},"line":192},"20":{"name":"(anonymous_20)","decl":{"start":{"line":200,"column":20},"end":{"line":200,"column":29}},"loc":{"start":{"line":200,"column":35},"end":{"line":207,"column":5}},"line":200},"21":{"name":"(anonymous_21)","decl":{"start":{"line":203,"column":38},"end":{"line":203,"column":47}},"loc":{"start":{"line":203,"column":53},"end":{"line":205,"column":9}},"line":203},"22":{"name":"(anonymous_22)","decl":{"start":{"line":215,"column":20},"end":{"line":215,"column":29}},"loc":{"start":{"line":215,"column":35},"end":{"line":217,"column":5}},"line":215},"23":{"name":"(anonymous_23)","decl":{"start":{"line":230,"column":41},"end":{"line":230,"column":45}},"loc":{"start":{"line":230,"column":51},"end":{"line":235,"column":8}},"line":230},"24":{"name":"(anonymous_24)","decl":{"start":{"line":237,"column":35},"end":{"line":237,"column":47}},"loc":{"start":{"line":237,"column":47},"end":{"line":302,"column":9}},"line":237},"25":{"name":"(anonymous_25)","decl":{"start":{"line":251,"column":42},"end":{"line":251,"column":48}},"loc":{"start":{"line":251,"column":53},"end":{"line":251,"column":62}},"line":251},"26":{"name":"(anonymous_26)","decl":{"start":{"line":253,"column":10},"end":{"line":253,"column":30}},"loc":{"start":{"line":253,"column":39},"end":{"line":280,"column":11}},"line":253},"27":{"name":"(anonymous_27)","decl":{"start":{"line":254,"column":24},"end":{"line":254,"column":28}},"loc":{"start":{"line":254,"column":36},"end":{"line":279,"column":13}},"line":254},"28":{"name":"(anonymous_28)","decl":{"start":{"line":285,"column":51},"end":{"line":285,"column":56}},"loc":{"start":{"line":285,"column":63},"end":{"line":285,"column":95}},"line":285},"29":{"name":"(anonymous_29)","decl":{"start":{"line":289,"column":32},"end":{"line":289,"column":40}},"loc":{"start":{"line":289,"column":45},"end":{"line":293,"column":15}},"line":289},"30":{"name":"(anonymous_30)","decl":{"start":{"line":311,"column":8},"end":{"line":311,"column":27}},"loc":{"start":{"line":311,"column":51},"end":{"line":322,"column":null}},"line":311},"31":{"name":"(anonymous_31)","decl":{"start":{"line":324,"column":8},"end":{"line":324,"column":28}},"loc":{"start":{"line":324,"column":41},"end":{"line":335,"column":null}},"line":324},"32":{"name":"(anonymous_32)","decl":{"start":{"line":366,"column":50},"end":{"line":366,"column":55}},"loc":{"start":{"line":366,"column":64},"end":{"line":448,"column":13}},"line":366},"33":{"name":"(anonymous_33)","decl":{"start":{"line":373,"column":18},"end":{"line":373,"column":33}},"loc":{"start":{"line":373,"column":33},"end":{"line":373,"column":null}},"line":373},"34":{"name":"(anonymous_34)","decl":{"start":{"line":385,"column":18},"end":{"line":385,"column":33}},"loc":{"start":{"line":385,"column":39},"end":{"line":387,"column":null}},"line":385},"35":{"name":"(anonymous_35)","decl":{"start":{"line":388,"column":18},"end":{"line":388,"column":33}},"loc":{"start":{"line":388,"column":39},"end":{"line":390,"column":null}},"line":388},"36":{"name":"(anonymous_36)","decl":{"start":{"line":408,"column":24},"end":{"line":408,"column":34}},"loc":{"start":{"line":408,"column":40},"end":{"line":411,"column":null}},"line":408},"37":{"name":"(anonymous_37)","decl":{"start":{"line":428,"column":22},"end":{"line":428,"column":32}},"loc":{"start":{"line":428,"column":38},"end":{"line":431,"column":null}},"line":428},"38":{"name":"(anonymous_38)","decl":{"start":{"line":467,"column":18},"end":{"line":467,"column":29}},"loc":{"start":{"line":467,"column":35},"end":{"line":467,"column":null}},"line":467},"39":{"name":"(anonymous_39)","decl":{"start":{"line":482,"column":16},"end":{"line":482,"column":27}},"loc":{"start":{"line":482,"column":33},"end":{"line":482,"column":null}},"line":482},"40":{"name":"(anonymous_40)","decl":{"start":{"line":499,"column":18},"end":{"line":499,"column":29}},"loc":{"start":{"line":499,"column":35},"end":{"line":499,"column":null}},"line":499},"41":{"name":"(anonymous_41)","decl":{"start":{"line":549,"column":29},"end":{"line":549,"column":34}},"loc":{"start":{"line":550,"column":14},"end":{"line":565,"column":null}},"line":550},"42":{"name":"(anonymous_42)","decl":{"start":{"line":583,"column":36},"end":{"line":583,"column":41}},"loc":{"start":{"line":584,"column":14},"end":{"line":610,"column":null}},"line":584},"43":{"name":"(anonymous_43)","decl":{"start":{"line":602,"column":16},"end":{"line":602,"column":31}},"loc":{"start":{"line":602,"column":38},"end":{"line":602,"column":null}},"line":602},"44":{"name":"(anonymous_44)","decl":{"start":{"line":603,"column":16},"end":{"line":603,"column":31}},"loc":{"start":{"line":603,"column":38},"end":{"line":603,"column":null}},"line":603},"45":{"name":"(anonymous_45)","decl":{"start":{"line":616,"column":14},"end":{"line":616,"column":29}},"loc":{"start":{"line":616,"column":29},"end":{"line":619,"column":null}},"line":616}},"branchMap":{"0":{"loc":{"start":{"line":6,"column":19},"end":{"line":6,"column":30}},"type":"default-arg","locations":[{"start":{"line":6,"column":26},"end":{"line":6,"column":30}}],"line":6},"1":{"loc":{"start":{"line":12,"column":20},"end":{"line":12,"column":31}},"type":"default-arg","locations":[{"start":{"line":12,"column":27},"end":{"line":12,"column":31}}],"line":12},"2":{"loc":{"start":{"line":18,"column":21},"end":{"line":18,"column":32}},"type":"default-arg","locations":[{"start":{"line":18,"column":28},"end":{"line":18,"column":32}}],"line":18},"3":{"loc":{"start":{"line":39,"column":37},"end":{"line":39,"column":71}},"type":"binary-expr","locations":[{"start":{"line":39,"column":37},"end":{"line":39,"column":51}},{"start":{"line":39,"column":51},"end":{"line":39,"column":71}}],"line":39},"4":{"loc":{"start":{"line":61,"column":25},"end":{"line":61,"column":null}},"type":"binary-expr","locations":[{"start":{"line":61,"column":25},"end":{"line":61,"column":45}},{"start":{"line":61,"column":45},"end":{"line":61,"column":null}}],"line":61},"5":{"loc":{"start":{"line":89,"column":4},"end":{"line":92,"column":null}},"type":"if","locations":[{"start":{"line":89,"column":4},"end":{"line":92,"column":null}},{"start":{},"end":{}}],"line":89},"6":{"loc":{"start":{"line":97,"column":6},"end":{"line":123,"column":null}},"type":"if","locations":[{"start":{"line":97,"column":6},"end":{"line":123,"column":null}},{"start":{"line":119,"column":13},"end":{"line":123,"column":null}}],"line":97},"7":{"loc":{"start":{"line":97,"column":10},"end":{"line":97,"column":92}},"type":"binary-expr","locations":[{"start":{"line":97,"column":10},"end":{"line":97,"column":57}},{"start":{"line":97,"column":57},"end":{"line":97,"column":92}}],"line":97},"8":{"loc":{"start":{"line":109,"column":27},"end":{"line":109,"column":null}},"type":"binary-expr","locations":[{"start":{"line":109,"column":27},"end":{"line":109,"column":47}},{"start":{"line":109,"column":47},"end":{"line":109,"column":null}}],"line":109},"9":{"loc":{"start":{"line":119,"column":13},"end":{"line":123,"column":null}},"type":"if","locations":[{"start":{"line":119,"column":13},"end":{"line":123,"column":null}},{"start":{},"end":{}}],"line":119},"10":{"loc":{"start":{"line":130,"column":6},"end":{"line":133,"column":null}},"type":"if","locations":[{"start":{"line":130,"column":6},"end":{"line":133,"column":null}},{"start":{},"end":{}}],"line":130},"11":{"loc":{"start":{"line":137,"column":8},"end":{"line":158,"column":null}},"type":"if","locations":[{"start":{"line":137,"column":8},"end":{"line":158,"column":null}},{"start":{},"end":{}}],"line":137},"12":{"loc":{"start":{"line":146,"column":27},"end":{"line":146,"column":null}},"type":"binary-expr","locations":[{"start":{"line":146,"column":27},"end":{"line":146,"column":47}},{"start":{"line":146,"column":47},"end":{"line":146,"column":null}}],"line":146},"13":{"loc":{"start":{"line":181,"column":4},"end":{"line":184,"column":null}},"type":"if","locations":[{"start":{"line":181,"column":4},"end":{"line":184,"column":null}},{"start":{},"end":{}}],"line":181},"14":{"loc":{"start":{"line":193,"column":4},"end":{"line":196,"column":null}},"type":"if","locations":[{"start":{"line":193,"column":4},"end":{"line":196,"column":null}},{"start":{},"end":{}}],"line":193},"15":{"loc":{"start":{"line":202,"column":6},"end":{"line":206,"column":null}},"type":"if","locations":[{"start":{"line":202,"column":6},"end":{"line":206,"column":null}},{"start":{},"end":{}}],"line":202},"16":{"loc":{"start":{"line":202,"column":10},"end":{"line":202,"column":36}},"type":"binary-expr","locations":[{"start":{"line":202,"column":10},"end":{"line":202,"column":18}},{"start":{"line":202,"column":18},"end":{"line":202,"column":36}}],"line":202},"17":{"loc":{"start":{"line":240,"column":23},"end":{"line":240,"column":null}},"type":"binary-expr","locations":[{"start":{"line":240,"column":23},"end":{"line":240,"column":50}},{"start":{"line":240,"column":50},"end":{"line":240,"column":null}}],"line":240},"18":{"loc":{"start":{"line":243,"column":10},"end":{"line":248,"column":null}},"type":"if","locations":[{"start":{"line":243,"column":10},"end":{"line":248,"column":null}},{"start":{},"end":{}}],"line":243},"19":{"loc":{"start":{"line":256,"column":14},"end":{"line":271,"column":null}},"type":"if","locations":[{"start":{"line":256,"column":14},"end":{"line":271,"column":null}},{"start":{},"end":{}}],"line":256},"20":{"loc":{"start":{"line":257,"column":16},"end":{"line":264,"column":null}},"type":"if","locations":[{"start":{"line":257,"column":16},"end":{"line":264,"column":null}},{"start":{},"end":{}}],"line":257},"21":{"loc":{"start":{"line":282,"column":10},"end":{"line":298,"column":null}},"type":"if","locations":[{"start":{"line":282,"column":10},"end":{"line":298,"column":null}},{"start":{},"end":{}}],"line":282},"22":{"loc":{"start":{"line":285,"column":63},"end":{"line":285,"column":95}},"type":"binary-expr","locations":[{"start":{"line":285,"column":63},"end":{"line":285,"column":70}},{"start":{"line":285,"column":70},"end":{"line":285,"column":95}}],"line":285},"23":{"loc":{"start":{"line":286,"column":12},"end":{"line":297,"column":null}},"type":"if","locations":[{"start":{"line":286,"column":12},"end":{"line":297,"column":null}},{"start":{"line":295,"column":19},"end":{"line":297,"column":null}}],"line":286},"24":{"loc":{"start":{"line":290,"column":16},"end":{"line":292,"column":null}},"type":"if","locations":[{"start":{"line":290,"column":16},"end":{"line":292,"column":null}},{"start":{},"end":{}}],"line":290},"25":{"loc":{"start":{"line":290,"column":20},"end":{"line":290,"column":62}},"type":"binary-expr","locations":[{"start":{"line":290,"column":20},"end":{"line":290,"column":31}},{"start":{"line":290,"column":31},"end":{"line":290,"column":62}}],"line":290},"26":{"loc":{"start":{"line":311,"column":37},"end":{"line":311,"column":51}},"type":"default-arg","locations":[{"start":{"line":311,"column":44},"end":{"line":311,"column":51}}],"line":311},"27":{"loc":{"start":{"line":312,"column":4},"end":{"line":321,"column":null}},"type":"switch","locations":[{"start":{"line":313,"column":6},"end":{"line":314,"column":null}},{"start":{"line":315,"column":6},"end":{"line":316,"column":null}},{"start":{"line":317,"column":6},"end":{"line":318,"column":null}},{"start":{"line":319,"column":6},"end":{"line":320,"column":null}}],"line":312},"28":{"loc":{"start":{"line":325,"column":4},"end":{"line":334,"column":null}},"type":"switch","locations":[{"start":{"line":326,"column":6},"end":{"line":327,"column":null}},{"start":{"line":328,"column":6},"end":{"line":329,"column":null}},{"start":{"line":330,"column":6},"end":{"line":331,"column":null}},{"start":{"line":332,"column":6},"end":{"line":333,"column":null}}],"line":325},"29":{"loc":{"start":{"line":340,"column":7},"end":{"line":346,"column":null}},"type":"binary-expr","locations":[{"start":{"line":340,"column":7},"end":{"line":340,"column":null}},{"start":{"line":341,"column":8},"end":{"line":346,"column":null}}],"line":340},"30":{"loc":{"start":{"line":358,"column":7},"end":{"line":643,"column":null}},"type":"cond-expr","locations":[{"start":{"line":359,"column":8},"end":{"line":533,"column":null}},{"start":{"line":533,"column":10},"end":{"line":643,"column":null}}],"line":358},"31":{"loc":{"start":{"line":358,"column":7},"end":{"line":358,"column":null}},"type":"binary-expr","locations":[{"start":{"line":358,"column":7},"end":{"line":358,"column":24}},{"start":{"line":358,"column":24},"end":{"line":358,"column":null}}],"line":358},"32":{"loc":{"start":{"line":379,"column":32},"end":{"line":379,"column":null}},"type":"cond-expr","locations":[{"start":{"line":379,"column":45},"end":{"line":379,"column":74}},{"start":{"line":379,"column":74},"end":{"line":379,"column":null}}],"line":379},"33":{"loc":{"start":{"line":380,"column":41},"end":{"line":380,"column":null}},"type":"cond-expr","locations":[{"start":{"line":380,"column":54},"end":{"line":380,"column":66}},{"start":{"line":380,"column":66},"end":{"line":380,"column":null}}],"line":380},"34":{"loc":{"start":{"line":386,"column":20},"end":{"line":386,"column":null}},"type":"if","locations":[{"start":{"line":386,"column":20},"end":{"line":386,"column":null}},{"start":{},"end":{}}],"line":386},"35":{"loc":{"start":{"line":389,"column":20},"end":{"line":389,"column":null}},"type":"if","locations":[{"start":{"line":389,"column":20},"end":{"line":389,"column":null}},{"start":{},"end":{}}],"line":389},"36":{"loc":{"start":{"line":398,"column":64},"end":{"line":398,"column":98}},"type":"cond-expr","locations":[{"start":{"line":398,"column":76},"end":{"line":398,"column":88}},{"start":{"line":398,"column":88},"end":{"line":398,"column":98}}],"line":398},"37":{"loc":{"start":{"line":399,"column":25},"end":{"line":399,"column":null}},"type":"cond-expr","locations":[{"start":{"line":399,"column":37},"end":{"line":399,"column":70}},{"start":{"line":399,"column":70},"end":{"line":399,"column":null}}],"line":399},"38":{"loc":{"start":{"line":404,"column":19},"end":{"line":446,"column":null}},"type":"cond-expr","locations":[{"start":{"line":405,"column":20},"end":{"line":427,"column":21}},{"start":{"line":427,"column":20},"end":{"line":446,"column":null}}],"line":404},"39":{"loc":{"start":{"line":406,"column":23},"end":{"line":407,"column":23}},"type":"binary-expr","locations":[{"start":{"line":406,"column":23},"end":{"line":406,"column":37}},{"start":{"line":406,"column":37},"end":{"line":407,"column":23}}],"line":406},"40":{"loc":{"start":{"line":457,"column":13},"end":{"line":471,"column":null}},"type":"binary-expr","locations":[{"start":{"line":457,"column":13},"end":{"line":457,"column":null}},{"start":{"line":458,"column":14},"end":{"line":471,"column":null}}],"line":457},"41":{"loc":{"start":{"line":492,"column":13},"end":{"line":515,"column":null}},"type":"binary-expr","locations":[{"start":{"line":492,"column":13},"end":{"line":492,"column":null}},{"start":{"line":493,"column":14},"end":{"line":515,"column":null}}],"line":492},"42":{"loc":{"start":{"line":533,"column":10},"end":{"line":643,"column":null}},"type":"cond-expr","locations":[{"start":{"line":535,"column":8},"end":{"line":571,"column":9}},{"start":{"line":571,"column":8},"end":{"line":643,"column":null}}],"line":533},"43":{"loc":{"start":{"line":556,"column":17},"end":{"line":565,"column":null}},"type":"cond-expr","locations":[{"start":{"line":557,"column":18},"end":{"line":558,"column":25}},{"start":{"line":558,"column":20},"end":{"line":565,"column":null}}],"line":556},"44":{"loc":{"start":{"line":558,"column":20},"end":{"line":565,"column":null}},"type":"cond-expr","locations":[{"start":{"line":559,"column":18},"end":{"line":561,"column":19}},{"start":{"line":561,"column":18},"end":{"line":565,"column":null}}],"line":558},"45":{"loc":{"start":{"line":633,"column":13},"end":{"line":642,"column":null}},"type":"binary-expr","locations":[{"start":{"line":633,"column":13},"end":{"line":633,"column":null}},{"start":{"line":634,"column":14},"end":{"line":642,"column":null}}],"line":633}},"s":{"0":1,"1":1,"2":1,"3":30,"4":1,"5":23,"6":1,"7":30,"8":30,"9":30,"10":30,"11":30,"12":30,"13":30,"14":30,"15":30,"16":30,"17":30,"18":4,"19":4,"20":4,"21":3,"22":3,"23":3,"24":3,"25":3,"26":3,"27":3,"28":1,"29":4,"30":30,"31":7,"32":7,"33":7,"34":7,"35":7,"36":7,"37":7,"38":1,"39":1,"40":6,"41":6,"42":5,"43":5,"44":5,"45":4,"46":4,"47":4,"48":8,"49":8,"50":4,"51":4,"52":1,"53":5,"54":1,"55":1,"56":1,"57":1,"58":6,"59":6,"60":4,"61":1,"62":1,"63":3,"64":3,"65":2,"66":4,"67":2,"68":1,"69":1,"70":1,"71":1,"72":3,"73":3,"74":1,"75":1,"76":1,"77":1,"78":1,"79":1,"80":1,"81":30,"82":2,"83":2,"84":1,"85":1,"86":1,"87":1,"88":1,"89":1,"90":30,"91":6,"92":4,"93":4,"94":2,"95":2,"96":30,"97":5,"98":18,"99":5,"100":1,"101":1,"102":4,"103":4,"104":12,"105":12,"106":12,"107":5,"108":4,"109":4,"110":4,"111":4,"112":4,"113":12,"114":4,"115":4,"116":4,"117":3,"118":3,"119":3,"120":3,"121":9,"122":3,"123":104,"124":104,"125":103,"126":104,"127":104,"128":1,"129":1,"130":1,"131":1,"132":102,"133":107,"134":102,"135":102,"136":306,"137":306,"138":8,"139":5,"140":3,"141":298,"142":102,"143":2,"144":2,"145":2,"146":4,"147":2,"148":1,"149":1,"150":1,"151":3,"152":2,"153":1,"154":1,"155":1,"156":1,"157":1,"158":1,"159":30,"160":89,"161":30,"162":23,"163":30,"164":6,"165":30,"166":387,"167":129,"168":122,"169":130,"170":6,"171":30,"172":63,"173":63,"174":63,"175":6,"176":2,"177":1,"178":2,"179":1,"180":2,"181":2,"182":3,"183":3,"184":1,"185":1,"186":1,"187":24,"188":2,"189":1,"190":1,"191":1,"192":1},"f":{"0":30,"1":23,"2":30,"3":30,"4":4,"5":4,"6":3,"7":7,"8":6,"9":8,"10":4,"11":4,"12":3,"13":2,"14":1,"15":1,"16":6,"17":2,"18":5,"19":18,"20":12,"21":5,"22":12,"23":9,"24":104,"25":107,"26":102,"27":306,"28":4,"29":3,"30":89,"31":387,"32":63,"33":6,"34":2,"35":2,"36":2,"37":3,"38":1,"39":1,"40":1,"41":24,"42":2,"43":1,"44":1,"45":1},"b":{"0":[30],"1":[23],"2":[30],"3":[30,1],"4":[3,1],"5":[1,6],"6":[5,1],"7":[6,5],"8":[8,2],"9":[1,0],"10":[1,3],"11":[1,1],"12":[3,1],"13":[4,2],"14":[1,4],"15":[12,0],"16":[12,12],"17":[103,0],"18":[1,103],"19":[8,298],"20":[5,3],"21":[2,100],"22":[4,4],"23":[1,1],"24":[2,1],"25":[3,3],"26":[89],"27":[30,23,30,6],"28":[129,122,130,6],"29":[30,30],"30":[21,9],"31":[30,22],"32":[28,35],"33":[28,35],"34":[1,1],"35":[1,1],"36":[29,34],"37":[29,34],"38":[29,34],"39":[29,28],"40":[21,15],"41":[21,15],"42":[8,1],"43":[1,23],"44":[1,22],"45":[1,1]},"meta":{"lastBranch":46,"lastFunction":46,"lastStatement":193,"seen":{"s:1:7:1:43":0,"s:1:43:1:Infinity":1,"s:6:6:9:Infinity":2,"f:6:6:6:17":0,"s:7:2:9:Infinity":3,"b:6:26:6:30":0,"s:12:6:15:Infinity":4,"f:12:6:12:18":1,"s:13:2:15:Infinity":5,"b:12:27:12:31":1,"s:18:6:23:Infinity":6,"f:18:6:18:19":2,"s:19:2:23:Infinity":7,"b:18:28:18:32":2,"f:26:24:26:46":3,"s:27:40:31:Infinity":8,"s:33:52:37:Infinity":9,"s:39:28:39:Infinity":10,"b:39:37:39:51:39:51:39:71":3,"s:40:40:42:Infinity":11,"s:43:32:43:Infinity":12,"s:44:42:44:Infinity":13,"s:45:48:45:Infinity":14,"s:46:46:46:Infinity":15,"s:47:36:47:Infinity":16,"s:50:2:72:Infinity":17,"f:50:2:50:18":4,"s:51:28:70:Infinity":18,"f:51:28:51:40":5,"s:52:6:69:Infinity":19,"s:53:21:53:Infinity":20,"s:54:23:54:Infinity":21,"s:55:26:55:Infinity":22,"s:56:8:64:Infinity":23,"f:56:13:56:22":6,"s:57:10:62:Infinity":24,"b:61:25:61:45:61:45:61:Infinity":4,"s:63:10:63:Infinity":25,"s:65:8:65:Infinity":26,"s:66:8:66:Infinity":27,"s:68:8:68:Infinity":28,"s:71:4:71:Infinity":29,"s:75:8:163:Infinity":30,"f:75:8:75:25":7,"s:76:14:76:Infinity":31,"s:77:14:77:Infinity":32,"s:78:17:78:Infinity":33,"s:79:16:79:Infinity":34,"s:81:21:81:Infinity":35,"s:83:18:87:Infinity":36,"b:89:4:92:Infinity:undefined:undefined:undefined:undefined":5,"s:89:4:92:Infinity":37,"s:90:6:90:Infinity":38,"s:91:6:91:Infinity":39,"s:95:30:124:Infinity":40,"f:95:30:95:37":8,"b:97:6:123:Infinity:119:13:123:Infinity":6,"s:97:6:123:Infinity":41,"b:97:10:97:57:97:57:97:92":7,"s:98:8:117:Infinity":42,"s:99:10:99:Infinity":43,"s:101:23:101:Infinity":44,"s:102:25:102:Infinity":45,"s:103:28:103:Infinity":46,"s:104:10:112:Infinity":47,"f:104:15:104:24":9,"s:105:12:110:Infinity":48,"b:109:27:109:47:109:47:109:Infinity":8,"s:111:12:111:Infinity":49,"s:113:10:113:Infinity":50,"s:114:10:114:Infinity":51,"s:116:10:116:Infinity":52,"s:118:8:118:Infinity":53,"b:119:13:123:Infinity:undefined:undefined:undefined:undefined":9,"s:119:13:123:Infinity":54,"s:120:8:120:Infinity":55,"s:121:8:121:Infinity":56,"s:122:8:122:Infinity":57,"s:126:4:126:Infinity":58,"s:129:25:162:Infinity":59,"f:129:37:129:49":10,"b:130:6:133:Infinity:undefined:undefined:undefined:undefined":10,"s:130:6:133:Infinity":60,"s:131:8:131:Infinity":61,"s:132:8:132:Infinity":62,"s:134:6:161:Infinity":63,"s:135:21:135:Infinity":64,"s:136:22:136:Infinity":65,"f:136:27:136:33":11,"s:136:42:136:68":66,"b:137:8:158:Infinity:undefined:undefined:undefined:undefined":11,"s:137:8:158:Infinity":67,"s:138:10:138:Infinity":68,"s:139:25:139:Infinity":69,"s:140:28:140:Infinity":70,"s:141:10:149:Infinity":71,"f:141:15:141:24":12,"s:142:12:147:Infinity":72,"b:146:27:146:47:146:47:146:Infinity":12,"s:148:12:148:Infinity":73,"s:150:10:150:Infinity":74,"s:151:10:151:Infinity":75,"s:152:10:156:Infinity":76,"s:153:12:153:Infinity":77,"s:155:12:155:Infinity":78,"s:157:10:157:Infinity":79,"s:160:8:160:Infinity":80,"s:166:27:178:Infinity":81,"f:166:27:166:34":13,"s:167:4:177:Infinity":82,"s:168:6:168:Infinity":83,"s:169:6:172:Infinity":84,"f:169:6:169:22":14,"s:169:32:172:8":85,"s:173:6:173:Infinity":86,"f:173:6:173:28":15,"s:173:38:173:69":87,"s:175:6:175:Infinity":88,"s:176:6:176:Infinity":89,"s:180:8:189:Infinity":90,"f:180:8:180:35":16,"b:181:4:184:Infinity:undefined:undefined:undefined:undefined":13,"s:181:4:184:Infinity":91,"s:182:6:182:Infinity":92,"s:183:6:183:Infinity":93,"s:185:4:188:Infinity":94,"f:185:4:185:26":17,"s:185:36:188:6":95,"s:191:24:309:Infinity":96,"f:191:24:191:36":18,"s:192:28:192:Infinity":97,"f:192:59:192:67":19,"s:192:73:192:93":98,"b:193:4:196:Infinity:undefined:undefined:undefined:undefined":14,"s:193:4:196:Infinity":99,"s:194:6:194:Infinity":100,"s:195:6:195:Infinity":101,"s:199:28:199:Infinity":102,"s:200:4:207:Infinity":103,"f:200:20:200:29":20,"s:201:19:201:Infinity":104,"b:202:6:206:Infinity:undefined:undefined:undefined:undefined":15,"s:202:6:206:Infinity":105,"b:202:10:202:18:202:18:202:36":16,"s:203:8:205:Infinity":106,"f:203:38:203:47":21,"s:204:10:204:Infinity":107,"s:209:4:209:Infinity":108,"s:210:4:210:Infinity":109,"s:211:4:211:Infinity":110,"s:214:18:214:Infinity":111,"s:215:4:217:Infinity":112,"f:215:20:215:29":22,"s:216:6:216:Infinity":113,"s:218:4:218:Infinity":114,"s:220:4:308:Infinity":115,"s:222:18:222:Infinity":116,"s:223:21:223:Infinity":117,"s:226:20:226:Infinity":118,"s:227:26:227:Infinity":119,"s:230:6:235:Infinity":120,"f:230:41:230:45":23,"s:230:51:235:8":121,"s:237:23:302:Infinity":122,"f:237:35:237:47":24,"s:238:8:301:Infinity":123,"s:239:27:239:Infinity":124,"s:240:23:240:Infinity":125,"b:240:23:240:50:240:50:240:Infinity":17,"s:242:10:242:Infinity":126,"b:243:10:248:Infinity:undefined:undefined:undefined:undefined":18,"s:243:10:248:Infinity":127,"s:244:12:244:Infinity":128,"s:245:12:245:Infinity":129,"s:246:12:246:Infinity":130,"s:247:12:247:Infinity":131,"s:251:26:251:Infinity":132,"f:251:42:251:48":25,"s:251:53:251:62":133,"s:253:10:280:Infinity":134,"f:253:10:253:30":26,"s:254:12:279:Infinity":135,"f:254:24:254:28":27,"s:255:34:255:Infinity":136,"b:256:14:271:Infinity:undefined:undefined:undefined:undefined":19,"s:256:14:271:Infinity":137,"b:257:16:264:Infinity:undefined:undefined:undefined:undefined":20,"s:257:16:264:Infinity":138,"s:258:18:263:Infinity":139,"s:265:16:270:Infinity":140,"s:273:14:278:Infinity":141,"b:282:10:298:Infinity:undefined:undefined:undefined:undefined":21,"s:282:10:298:Infinity":142,"s:283:12:283:Infinity":143,"s:284:12:284:Infinity":144,"s:285:31:285:Infinity":145,"f:285:51:285:56":28,"s:285:63:285:95":146,"b:285:63:285:70:285:70:285:95":22,"b:286:12:297:Infinity:295:19:297:Infinity":23,"s:286:12:297:Infinity":147,"s:287:14:287:Infinity":148,"s:288:34:288:Infinity":149,"s:289:14:293:Infinity":150,"f:289:32:289:40":29,"b:290:16:292:Infinity:undefined:undefined:undefined:undefined":24,"s:290:16:292:Infinity":151,"b:290:20:290:31:290:31:290:62":25,"s:291:18:291:Infinity":152,"s:294:14:294:Infinity":153,"s:296:14:296:Infinity":154,"s:300:10:300:Infinity":155,"s:305:6:305:Infinity":156,"s:306:6:306:Infinity":157,"s:307:6:307:Infinity":158,"s:311:8:322:Infinity":159,"f:311:8:311:27":30,"b:311:44:311:51":26,"b:313:6:314:Infinity:315:6:316:Infinity:317:6:318:Infinity:319:6:320:Infinity":27,"s:312:4:321:Infinity":160,"s:314:8:314:Infinity":161,"s:316:8:316:Infinity":162,"s:318:8:318:Infinity":163,"s:320:8:320:Infinity":164,"s:324:8:335:Infinity":165,"f:324:8:324:28":31,"b:326:6:327:Infinity:328:6:329:Infinity:330:6:331:Infinity:332:6:333:Infinity":28,"s:325:4:334:Infinity":166,"s:327:8:327:Infinity":167,"s:329:8:329:Infinity":168,"s:331:8:331:Infinity":169,"s:333:8:333:Infinity":170,"s:337:2:650:Infinity":171,"b:340:7:340:Infinity:341:8:346:Infinity":29,"b:359:8:533:Infinity:533:10:643:Infinity":30,"b:358:7:358:24:358:24:358:Infinity":31,"f:366:50:366:55":32,"s:367:32:367:Infinity":172,"s:368:33:368:Infinity":173,"s:370:14:446:Infinity":174,"f:373:18:373:33":33,"s:373:33:373:Infinity":175,"b:379:45:379:74:379:74:379:Infinity":32,"b:380:54:380:66:380:66:380:Infinity":33,"f:385:18:385:33":34,"b:386:20:386:Infinity:undefined:undefined:undefined:undefined":34,"s:386:20:386:Infinity":176,"s:386:37:386:Infinity":177,"f:388:18:388:33":35,"b:389:20:389:Infinity:undefined:undefined:undefined:undefined":35,"s:389:20:389:Infinity":178,"s:389:37:389:Infinity":179,"b:398:76:398:88:398:88:398:98":36,"b:399:37:399:70:399:70:399:Infinity":37,"b:405:20:427:21:427:20:446:Infinity":38,"b:406:23:406:37:406:37:407:23":39,"f:408:24:408:34":36,"s:409:26:409:Infinity":180,"s:410:26:410:Infinity":181,"f:428:22:428:32":37,"s:429:24:429:Infinity":182,"s:430:24:430:Infinity":183,"b:457:13:457:Infinity:458:14:471:Infinity":40,"f:467:18:467:29":38,"s:467:35:467:Infinity":184,"f:482:16:482:27":39,"s:482:33:482:Infinity":185,"b:492:13:492:Infinity:493:14:515:Infinity":41,"f:499:18:499:29":40,"s:499:35:499:Infinity":186,"b:535:8:571:9:571:8:643:Infinity":42,"f:549:29:549:34":41,"s:550:14:565:Infinity":187,"b:557:18:558:25:558:20:565:Infinity":43,"b:559:18:561:19:561:18:565:Infinity":44,"f:583:36:583:41":42,"s:584:14:610:Infinity":188,"f:602:16:602:31":43,"s:602:38:602:Infinity":189,"f:603:16:603:31":44,"s:603:38:603:Infinity":190,"f:616:14:616:29":45,"s:617:16:617:Infinity":191,"s:618:16:618:Infinity":192,"b:633:13:633:Infinity:634:14:642:Infinity":45},"fnNames":{}}}
}
